RUN	20130707081743	basicexamplesimulation	 
SCENARIO	Scenario name	1	START	1373203064051
ACTION	Scenario name	1	request_1	1373203064068	1373203064650	1373203064828	1373203064837	KO	Check 'is' failed, found 200 but expected 302
ACTION	Scenario name	1	request_2	1373203064950	1373203064952	1373203065065	1373203065065	KO	Check 'in' failed, found 404 but expected Range(200, 201, 202, 203, 204, 205, 206, 207, 208, 209, 210)
SCENARIO	Scenario name	2	START	1373203065199
ACTION	Scenario name	2	request_1	1373203065200	1373203065263	1373203065366	1373203065370	KO	Check 'is' failed, found 200 but expected 302
ACTION	Scenario name	2	request_2	1373203065400	1373203065402	1373203065472	1373203065476	KO	Check 'in' failed, found 404 but expected Range(200, 201, 202, 203, 204, 205, 206, 207, 208, 209, 210)
SCENARIO	Scenario name	3	START	1373203066300
ACTION	Scenario name	3	request_1	1373203066300	1373203066365	1373203066471	1373203066479	KO	Check 'is' failed, found 200 but expected 302
ACTION	Scenario name	3	request_2	1373203066550	1373203066552	1373203066622	1373203066624	KO	Check 'in' failed, found 404 but expected Range(200, 201, 202, 203, 204, 205, 206, 207, 208, 209, 210)
SCENARIO	Scenario name	4	START	1373203067400
ACTION	Scenario name	4	request_1	1373203067401	1373203067477	1373203067568	1373203067568	KO	Check 'is' failed, found 200 but expected 302
ACTION	Scenario name	4	request_2	1373203067652	1373203067668	1373203067724	1373203067726	KO	Check 'in' failed, found 404 but expected Range(200, 201, 202, 203, 204, 205, 206, 207, 208, 209, 210)
SCENARIO	Scenario name	5	START	1373203068499
ACTION	Scenario name	5	request_1	1373203068499	1373203068589	1373203068684	1373203068688	KO	Check 'is' failed, found 200 but expected 302
ACTION	Scenario name	5	request_2	1373203068800	1373203068800	1373203068911	1373203068911	KO	Check 'in' failed, found 404 but expected Range(200, 201, 202, 203, 204, 205, 206, 207, 208, 209, 210)
SCENARIO	Scenario name	6	START	1373203069600
ACTION	Scenario name	6	request_1	1373203069601	1373203069669	1373203069740	1373203069743	KO	Check 'is' failed, found 200 but expected 302
ACTION	Scenario name	6	request_2	1373203069801	1373203069801	1373203069873	1373203069877	KO	Check 'in' failed, found 404 but expected Range(200, 201, 202, 203, 204, 205, 206, 207, 208, 209, 210)
SCENARIO	Scenario name	7	START	1373203070750
ACTION	Scenario name	7	request_1	1373203070751	1373203070839	1373203070943	1373203070949	KO	Check 'is' failed, found 200 but expected 302
ACTION	Scenario name	7	request_2	1373203071051	1373203071053	1373203071131	1373203071138	KO	Check 'in' failed, found 404 but expected Range(200, 201, 202, 203, 204, 205, 206, 207, 208, 209, 210)
SCENARIO	Scenario name	8	START	1373203071850
ACTION	Scenario name	8	request_1	1373203071850	1373203071938	1373203072049	1373203072049	KO	Check 'is' failed, found 200 but expected 302
ACTION	Scenario name	8	request_2	1373203072100	1373203072101	1373203072173	1373203072177	KO	Check 'in' failed, found 404 but expected Range(200, 201, 202, 203, 204, 205, 206, 207, 208, 209, 210)
SCENARIO	Scenario name	9	START	1373203072950
ACTION	Scenario name	9	request_1	1373203072951	1373203073054	1373203073170	1373203073173	KO	Check 'is' failed, found 200 but expected 302
ACTION	Scenario name	9	request_2	1373203073252	1373203073252	1373203073373	1373203073375	KO	Check 'in' failed, found 404 but expected Range(200, 201, 202, 203, 204, 205, 206, 207, 208, 209, 210)
SCENARIO	Scenario name	10	START	1373203074050
ACTION	Scenario name	10	request_1	1373203074051	1373203074116	1373203074223	1373203074223	KO	Check 'is' failed, found 200 but expected 302
ACTION	Scenario name	10	request_2	1373203074251	1373203074252	1373203074326	1373203074326	KO	Check 'in' failed, found 404 but expected Range(200, 201, 202, 203, 204, 205, 206, 207, 208, 209, 210)
ACTION	Scenario name	2	request_3	1373203077658	1373203077659	1373203077753	1373203077756	KO	Check 'is' failed, found 404 but expected 302
ACTION	Scenario name	1	request_3	1373203077800	1373203077802	1373203077911	1373203077912	KO	Check 'is' failed, found 404 but expected 302
ACTION	Scenario name	2	request_4	1373203077802	1373203077804	1373203077919	1373203077919	KO	Check 'in' failed, found 404 but expected Range(200, 201, 202, 203, 204, 205, 206, 207, 208, 209, 210)
ACTION	Scenario name	1	request_4	1373203078000	1373203078001	1373203078112	1373203078117	KO	Check 'in' failed, found 404 but expected Range(200, 201, 202, 203, 204, 205, 206, 207, 208, 209, 210)
ACTION	Scenario name	3	request_3	1373203079452	1373203079453	1373203079532	1373203079542	KO	Check 'is' failed, found 404 but expected 302
ACTION	Scenario name	3	request_4	1373203079601	1373203079603	1373203079675	1373203079677	KO	Check 'in' failed, found 404 but expected Range(200, 201, 202, 203, 204, 205, 206, 207, 208, 209, 210)
ACTION	Scenario name	4	request_3	1373203079999	1373203080000	1373203080072	1373203080074	KO	Check 'is' failed, found 404 but expected 302
ACTION	Scenario name	4	request_4	1373203080150	1373203080151	1373203080230	1373203080233	KO	Check 'in' failed, found 404 but expected Range(200, 201, 202, 203, 204, 205, 206, 207, 208, 209, 210)
ACTION	Scenario name	5	request_3	1373203081850	1373203081851	1373203081956	1373203081956	KO	Check 'is' failed, found 404 but expected 302
ACTION	Scenario name	5	request_4	1373203082050	1373203082051	1373203082152	1373203082158	KO	Check 'in' failed, found 404 but expected Range(200, 201, 202, 203, 204, 205, 206, 207, 208, 209, 210)
ACTION	Scenario name	6	request_3	1373203082350	1373203082351	1373203082454	1373203082460	KO	Check 'is' failed, found 404 but expected 302
ACTION	Scenario name	6	request_4	1373203082462	1373203082463	1373203082557	1373203082564	KO	Check 'in' failed, found 404 but expected Range(200, 201, 202, 203, 204, 205, 206, 207, 208, 209, 210)
ACTION	Scenario name	7	request_3	1373203084151	1373203084151	1373203084239	1373203084244	KO	Check 'is' failed, found 404 but expected 302
ACTION	Scenario name	7	request_4	1373203084301	1373203084301	1373203084407	1373203084408	KO	Check 'in' failed, found 404 but expected Range(200, 201, 202, 203, 204, 205, 206, 207, 208, 209, 210)
ACTION	Scenario name	8	request_3	1373203084750	1373203084751	1373203084869	1373203084872	KO	Check 'is' failed, found 404 but expected 302
ACTION	Scenario name	8	request_4	1373203084873	1373203084873	1373203084992	1373203085011	KO	Check 'in' failed, found 404 but expected Range(200, 201, 202, 203, 204, 205, 206, 207, 208, 209, 210)
ACTION	Scenario name	2	request_5	1373203085101	1373203085101	1373203085177	1373203085182	KO	Check 'in' failed, found 404 but expected Range(200, 201, 202, 203, 204, 205, 206, 207, 208, 209, 210)
ACTION	Scenario name	2	request_6	1373203085350	1373203085351	1373203085427	1373203085429	KO	Check 'in' failed, found 404 but expected Range(200, 201, 202, 203, 204, 205, 206, 207, 208, 209, 210)
ACTION	Scenario name	1	request_5	1373203085550	1373203085550	1373203085630	1373203085631	KO	Check 'in' failed, found 404 but expected Range(200, 201, 202, 203, 204, 205, 206, 207, 208, 209, 210)
ACTION	Scenario name	1	request_6	1373203085750	1373203085750	1373203085823	1373203085824	KO	Check 'in' failed, found 404 but expected Range(200, 201, 202, 203, 204, 205, 206, 207, 208, 209, 210)
ACTION	Scenario name	9	request_3	1373203086000	1373203086001	1373203086105	1373203086109	KO	Check 'is' failed, found 404 but expected 302
ACTION	Scenario name	9	request_4	1373203086201	1373203086201	1373203086302	1373203086306	KO	Check 'in' failed, found 404 but expected Range(200, 201, 202, 203, 204, 205, 206, 207, 208, 209, 210)
ACTION	Scenario name	10	request_3	1373203087300	1373203087301	1373203087488	1373203087491	KO	Check 'is' failed, found 404 but expected 302
ACTION	Scenario name	3	request_5	1373203087400	1373203087401	1373203087559	1373203087560	KO	Check 'in' failed, found 404 but expected Range(200, 201, 202, 203, 204, 205, 206, 207, 208, 209, 210)
ACTION	Scenario name	10	request_4	1373203087492	1373203087493	1373203087564	1373203087567	KO	Check 'in' failed, found 404 but expected Range(200, 201, 202, 203, 204, 205, 206, 207, 208, 209, 210)
ACTION	Scenario name	3	request_6	1373203087751	1373203087751	1373203087824	1373203087827	KO	Check 'in' failed, found 404 but expected Range(200, 201, 202, 203, 204, 205, 206, 207, 208, 209, 210)
ACTION	Scenario name	4	request_5	1373203088200	1373203088201	1373203088321	1373203088321	KO	Check 'in' failed, found 404 but expected Range(200, 201, 202, 203, 204, 205, 206, 207, 208, 209, 210)
ACTION	Scenario name	4	request_6	1373203088500	1373203088501	1373203088585	1373203088585	KO	Check 'in' failed, found 404 but expected Range(200, 201, 202, 203, 204, 205, 206, 207, 208, 209, 210)
ACTION	Scenario name	5	request_5	1373203089601	1373203089601	1373203089695	1373203089707	KO	Check 'in' failed, found 404 but expected Range(200, 201, 202, 203, 204, 205, 206, 207, 208, 209, 210)
ACTION	Scenario name	5	request_6	1373203089800	1373203089800	1373203089872	1373203089876	KO	Check 'in' failed, found 404 but expected Range(200, 201, 202, 203, 204, 205, 206, 207, 208, 209, 210)
ACTION	Scenario name	1	request_7	1373203090200	1373203090200	1373203090325	1373203090335	KO	Check 'in' failed, found 404 but expected Range(200, 201, 202, 203, 204, 205, 206, 207, 208, 209, 210)
ACTION	Scenario name	6	request_5	1373203090350	1373203090351	1373203090483	1373203090483	KO	Check 'in' failed, found 404 but expected Range(200, 201, 202, 203, 204, 205, 206, 207, 208, 209, 210)
ACTION	Scenario name	2	request_7	1373203090350	1373203090351	1373203090489	1373203090499	KO	Check 'in' failed, found 404 but expected Range(200, 201, 202, 203, 204, 205, 206, 207, 208, 209, 210)
ACTION	Scenario name	1	request_8	1373203090451	1373203090451	1373203090572	1373203090576	KO	Check 'in' failed, found 404 but expected Range(200, 201, 202, 203, 204, 205, 206, 207, 208, 209, 210)
ACTION	Scenario name	6	request_6	1373203090600	1373203090600	1373203090687	1373203090690	KO	Check 'in' failed, found 404 but expected Range(200, 201, 202, 203, 204, 205, 206, 207, 208, 209, 210)
ACTION	Scenario name	2	request_8	1373203090700	1373203090700	1373203090866	1373203090868	KO	Check 'in' failed, found 404 but expected Range(200, 201, 202, 203, 204, 205, 206, 207, 208, 209, 210)
ACTION	Scenario name	3	request_7	1373203092001	1373203092001	1373203092080	1373203092080	KO	Check 'in' failed, found 404 but expected Range(200, 201, 202, 203, 204, 205, 206, 207, 208, 209, 210)
ACTION	Scenario name	7	request_5	1373203092101	1373203092101	1373203092173	1373203092178	KO	Check 'in' failed, found 404 but expected Range(200, 201, 202, 203, 204, 205, 206, 207, 208, 209, 210)
ACTION	Scenario name	3	request_8	1373203092199	1373203092199	1373203092274	1373203092277	KO	Check 'in' failed, found 404 but expected Range(200, 201, 202, 203, 204, 205, 206, 207, 208, 209, 210)
ACTION	Scenario name	8	request_5	1373203092250	1373203092250	1373203092364	1373203092364	KO	Check 'in' failed, found 404 but expected Range(200, 201, 202, 203, 204, 205, 206, 207, 208, 209, 210)
ACTION	Scenario name	7	request_6	1373203092300	1373203092300	1373203092373	1373203092377	KO	Check 'in' failed, found 404 but expected Range(200, 201, 202, 203, 204, 205, 206, 207, 208, 209, 210)
ACTION	Scenario name	8	request_6	1373203092550	1373203092550	1373203092658	1373203092661	KO	Check 'in' failed, found 404 but expected Range(200, 201, 202, 203, 204, 205, 206, 207, 208, 209, 210)
ACTION	Scenario name	4	request_7	1373203093001	1373203093001	1373203093077	1373203093077	KO	Check 'in' failed, found 404 but expected Range(200, 201, 202, 203, 204, 205, 206, 207, 208, 209, 210)
ACTION	Scenario name	4	request_8	1373203093301	1373203093302	1373203093375	1373203093381	KO	Check 'in' failed, found 404 but expected Range(200, 201, 202, 203, 204, 205, 206, 207, 208, 209, 210)
ACTION	Scenario name	9	request_5	1373203093850	1373203093851	1373203093926	1373203093926	KO	Check 'in' failed, found 404 but expected Range(200, 201, 202, 203, 204, 205, 206, 207, 208, 209, 210)
ACTION	Scenario name	9	request_6	1373203094100	1373203094101	1373203094183	1373203094183	KO	Check 'in' failed, found 404 but expected Range(200, 201, 202, 203, 204, 205, 206, 207, 208, 209, 210)
ACTION	Scenario name	5	request_7	1373203094451	1373203094452	1373203094525	1373203094528	KO	Check 'in' failed, found 404 but expected Range(200, 201, 202, 203, 204, 205, 206, 207, 208, 209, 210)
ACTION	Scenario name	5	request_8	1373203094601	1373203094602	1373203094681	1373203094700	KO	Check 'in' failed, found 404 but expected Range(200, 201, 202, 203, 204, 205, 206, 207, 208, 209, 210)
ACTION	Scenario name	10	request_5	1373203094749	1373203094749	1373203094822	1373203094824	KO	Check 'in' failed, found 404 but expected Range(200, 201, 202, 203, 204, 205, 206, 207, 208, 209, 210)
ACTION	Scenario name	10	request_6	1373203094951	1373203094952	1373203095032	1373203095034	KO	Check 'in' failed, found 404 but expected Range(200, 201, 202, 203, 204, 205, 206, 207, 208, 209, 210)
ACTION	Scenario name	6	request_7	1373203095251	1373203095252	1373203095331	1373203095331	KO	Check 'in' failed, found 404 but expected Range(200, 201, 202, 203, 204, 205, 206, 207, 208, 209, 210)
ACTION	Scenario name	6	request_8	1373203095400	1373203095401	1373203095499	1373203095503	KO	Check 'in' failed, found 404 but expected Range(200, 201, 202, 203, 204, 205, 206, 207, 208, 209, 210)
ACTION	Scenario name	7	request_7	1373203096700	1373203096701	1373203096775	1373203096776	KO	Check 'in' failed, found 404 but expected Range(200, 201, 202, 203, 204, 205, 206, 207, 208, 209, 210)
ACTION	Scenario name	2	request_4	1373203096952	1373203096952	1373203097026	1373203097030	KO	Check 'in' failed, found 404 but expected Range(200, 201, 202, 203, 204, 205, 206, 207, 208, 209, 210)
ACTION	Scenario name	7	request_8	1373203097000	1373203097000	1373203097080	1373203097080	KO	Check 'in' failed, found 404 but expected Range(200, 201, 202, 203, 204, 205, 206, 207, 208, 209, 210)
ACTION	Scenario name	1	request_4	1373203097150	1373203097151	1373203097230	1373203097230	KO	Check 'in' failed, found 404 but expected Range(200, 201, 202, 203, 204, 205, 206, 207, 208, 209, 210)
ACTION	Scenario name	8	request_7	1373203097201	1373203097202	1373203097273	1373203097273	KO	Check 'in' failed, found 404 but expected Range(200, 201, 202, 203, 204, 205, 206, 207, 208, 209, 210)
ACTION	Scenario name	8	request_8	1373203097351	1373203097352	1373203097430	1373203097433	KO	Check 'in' failed, found 404 but expected Range(200, 201, 202, 203, 204, 205, 206, 207, 208, 209, 210)
ACTION	Scenario name	9	request_7	1373203098649	1373203098650	1373203098912	1373203098915	KO	Check 'in' failed, found 404 but expected Range(200, 201, 202, 203, 204, 205, 206, 207, 208, 209, 210)
ACTION	Scenario name	3	request_4	1373203098701	1373203098701	1373203098918	1373203098923	KO	Check 'in' failed, found 404 but expected Range(200, 201, 202, 203, 204, 205, 206, 207, 208, 209, 210)
ACTION	Scenario name	9	request_8	1373203099101	1373203099101	1373203099226	1373203099241	KO	Check 'in' failed, found 404 but expected Range(200, 201, 202, 203, 204, 205, 206, 207, 208, 209, 210)
ACTION	Scenario name	10	request_7	1373203099951	1373203099952	1373203100199	1373203100202	KO	Check 'in' failed, found 404 but expected Range(200, 201, 202, 203, 204, 205, 206, 207, 208, 209, 210)
ACTION	Scenario name	4	request_4	1373203100001	1373203100001	1373203100208	1373203100208	KO	Check 'in' failed, found 404 but expected Range(200, 201, 202, 203, 204, 205, 206, 207, 208, 209, 210)
ACTION	Scenario name	10	request_8	1373203100400	1373203100400	1373203100720	1373203101246	KO	Check 'in' failed, found 404 but expected Range(200, 201, 202, 203, 204, 205, 206, 207, 208, 209, 210)
ACTION	Scenario name	5	request_4	1373203101251	1373203101251	1373203101779	1373203101784	KO	Check 'in' failed, found 404 but expected Range(200, 201, 202, 203, 204, 205, 206, 207, 208, 209, 210)
ACTION	Scenario name	6	request_4	1373203102201	1373203102201	1373203102348	1373203102352	KO	Check 'in' failed, found 404 but expected Range(200, 201, 202, 203, 204, 205, 206, 207, 208, 209, 210)
ACTION	Scenario name	7	request_4	1373203103600	1373203103601	1373203103742	1373203103746	KO	Check 'in' failed, found 404 but expected Range(200, 201, 202, 203, 204, 205, 206, 207, 208, 209, 210)
ACTION	Scenario name	8	request_4	1373203104250	1373203104250	1373203104322	1373203104333	KO	Check 'in' failed, found 404 but expected Range(200, 201, 202, 203, 204, 205, 206, 207, 208, 209, 210)
ACTION	Scenario name	2	request_5	1373203104700	1373203104701	1373203104857	1373203104857	KO	Check 'in' failed, found 404 but expected Range(200, 201, 202, 203, 204, 205, 206, 207, 208, 209, 210)
ACTION	Scenario name	1	request_5	1373203104750	1373203104751	1373203104931	1373203104934	KO	Check 'in' failed, found 404 but expected Range(200, 201, 202, 203, 204, 205, 206, 207, 208, 209, 210)
ACTION	Scenario name	2	request_6	1373203105000	1373203105001	1373203105178	1373203105185	KO	Check 'in' failed, found 404 but expected Range(200, 201, 202, 203, 204, 205, 206, 207, 208, 209, 210)
ACTION	Scenario name	1	request_6	1373203105101	1373203105101	1373203105336	1373203105336	KO	Check 'in' failed, found 404 but expected Range(200, 201, 202, 203, 204, 205, 206, 207, 208, 209, 210)
ACTION	Scenario name	9	request_4	1373203105800	1373203105800	1373203105905	1373203105908	KO	Check 'in' failed, found 404 but expected Range(200, 201, 202, 203, 204, 205, 206, 207, 208, 209, 210)
ACTION	Scenario name	3	request_5	1373203106550	1373203106551	1373203106625	1373203106626	KO	Check 'in' failed, found 404 but expected Range(200, 201, 202, 203, 204, 205, 206, 207, 208, 209, 210)
ACTION	Scenario name	3	request_6	1373203106799	1373203106800	1373203106872	1373203106880	KO	Check 'in' failed, found 404 but expected Range(200, 201, 202, 203, 204, 205, 206, 207, 208, 209, 210)
ACTION	Scenario name	4	request_5	1373203107801	1373203107801	1373203107872	1373203107934	KO	Check 'in' failed, found 404 but expected Range(200, 201, 202, 203, 204, 205, 206, 207, 208, 209, 210)
ACTION	Scenario name	10	request_4	1373203108100	1373203108101	1373203108179	1373203108180	KO	Check 'in' failed, found 404 but expected Range(200, 201, 202, 203, 204, 205, 206, 207, 208, 209, 210)
ACTION	Scenario name	4	request_6	1373203108100	1373203108101	1373203108182	1373203108184	KO	Check 'in' failed, found 404 but expected Range(200, 201, 202, 203, 204, 205, 206, 207, 208, 209, 210)
ACTION	Scenario name	5	request_5	1373203109750	1373203109750	1373203109824	1373203109889	KO	Check 'in' failed, found 404 but expected Range(200, 201, 202, 203, 204, 205, 206, 207, 208, 209, 210)
ACTION	Scenario name	2	request_7	1373203110000	1373203110001	1373203110107	1373203110107	KO	Check 'in' failed, found 404 but expected Range(200, 201, 202, 203, 204, 205, 206, 207, 208, 209, 210)
ACTION	Scenario name	5	request_6	1373203110050	1373203110051	1373203110154	1373203110158	KO	Check 'in' failed, found 404 but expected Range(200, 201, 202, 203, 204, 205, 206, 207, 208, 209, 210)
ACTION	Scenario name	1	request_7	1373203110101	1373203110102	1373203110204	1373203110208	KO	Check 'in' failed, found 404 but expected Range(200, 201, 202, 203, 204, 205, 206, 207, 208, 209, 210)
ACTION	Scenario name	6	request_5	1373203110250	1373203110250	1373203110352	1373203110360	KO	Check 'in' failed, found 404 but expected Range(200, 201, 202, 203, 204, 205, 206, 207, 208, 209, 210)
ACTION	Scenario name	2	request_8	1373203110301	1373203110301	1373203110373	1373203110377	KO	Check 'in' failed, found 404 but expected Range(200, 201, 202, 203, 204, 205, 206, 207, 208, 209, 210)
ACTION	Scenario name	1	request_8	1373203110401	1373203110401	1373203110474	1373203110478	KO	Check 'in' failed, found 404 but expected Range(200, 201, 202, 203, 204, 205, 206, 207, 208, 209, 210)
ACTION	Scenario name	6	request_6	1373203110500	1373203110501	1373203110598	1373203110598	KO	Check 'in' failed, found 404 but expected Range(200, 201, 202, 203, 204, 205, 206, 207, 208, 209, 210)
ACTION	Scenario name	7	request_5	1373203110799	1373203110800	1373203110873	1373203110875	KO	Check 'in' failed, found 404 but expected Range(200, 201, 202, 203, 204, 205, 206, 207, 208, 209, 210)
ACTION	Scenario name	7	request_6	1373203111050	1373203111051	1373203111131	1373203111135	KO	Check 'in' failed, found 404 but expected Range(200, 201, 202, 203, 204, 205, 206, 207, 208, 209, 210)
ACTION	Scenario name	3	request_7	1373203111050	1373203111051	1373203111138	1373203111144	KO	Check 'in' failed, found 404 but expected Range(200, 201, 202, 203, 204, 205, 206, 207, 208, 209, 210)
ACTION	Scenario name	3	request_8	1373203111301	1373203111302	1373203111374	1373203111378	KO	Check 'in' failed, found 404 but expected Range(200, 201, 202, 203, 204, 205, 206, 207, 208, 209, 210)
ACTION	Scenario name	8	request_5	1373203112101	1373203112101	1373203112176	1373203112181	KO	Check 'in' failed, found 404 but expected Range(200, 201, 202, 203, 204, 205, 206, 207, 208, 209, 210)
ACTION	Scenario name	8	request_6	1373203112300	1373203112301	1373203112377	1373203112380	KO	Check 'in' failed, found 404 but expected Range(200, 201, 202, 203, 204, 205, 206, 207, 208, 209, 210)
ACTION	Scenario name	4	request_7	1373203112850	1373203112851	1373203112922	1373203112925	KO	Check 'in' failed, found 404 but expected Range(200, 201, 202, 203, 204, 205, 206, 207, 208, 209, 210)
ACTION	Scenario name	4	request_8	1373203113050	1373203113051	1373203113128	1373203113128	KO	Check 'in' failed, found 404 but expected Range(200, 201, 202, 203, 204, 205, 206, 207, 208, 209, 210)
ACTION	Scenario name	9	request_5	1373203113450	1373203113450	1373203113522	1373203113524	KO	Check 'in' failed, found 404 but expected Range(200, 201, 202, 203, 204, 205, 206, 207, 208, 209, 210)
ACTION	Scenario name	9	request_6	1373203113701	1373203113701	1373203113792	1373203113800	KO	Check 'in' failed, found 404 but expected Range(200, 201, 202, 203, 204, 205, 206, 207, 208, 209, 210)
ACTION	Scenario name	6	request_7	1373203114951	1373203114952	1373203115024	1373203115027	KO	Check 'in' failed, found 404 but expected Range(200, 201, 202, 203, 204, 205, 206, 207, 208, 209, 210)
ACTION	Scenario name	5	request_7	1373203115151	1373203115152	1373203115224	1373203115227	KO	Check 'in' failed, found 404 but expected Range(200, 201, 202, 203, 204, 205, 206, 207, 208, 209, 210)
ACTION	Scenario name	6	request_8	1373203115201	1373203115201	1373203115276	1373203115280	KO	Check 'in' failed, found 404 but expected Range(200, 201, 202, 203, 204, 205, 206, 207, 208, 209, 210)
ACTION	Scenario name	5	request_8	1373203115351	1373203115352	1373203115429	1373203115432	KO	Check 'in' failed, found 404 but expected Range(200, 201, 202, 203, 204, 205, 206, 207, 208, 209, 210)
ACTION	Scenario name	7	request_7	1373203115651	1373203115652	1373203115725	1373203115728	KO	Check 'in' failed, found 404 but expected Range(200, 201, 202, 203, 204, 205, 206, 207, 208, 209, 210)
ACTION	Scenario name	7	request_8	1373203115901	1373203115901	1373203115974	1373203115978	KO	Check 'in' failed, found 404 but expected Range(200, 201, 202, 203, 204, 205, 206, 207, 208, 209, 210)
ACTION	Scenario name	10	request_5	1373203116051	1373203116051	1373203116129	1373203116135	KO	Check 'in' failed, found 404 but expected Range(200, 201, 202, 203, 204, 205, 206, 207, 208, 209, 210)
ACTION	Scenario name	10	request_6	1373203116301	1373203116301	1373203116379	1373203116379	KO	Check 'in' failed, found 404 but expected Range(200, 201, 202, 203, 204, 205, 206, 207, 208, 209, 210)
ACTION	Scenario name	2	request_4	1373203116651	1373203116651	1373203116738	1373203116750	KO	Check 'in' failed, found 404 but expected Range(200, 201, 202, 203, 204, 205, 206, 207, 208, 209, 210)
ACTION	Scenario name	1	request_4	1373203117050	1373203117050	1373203117139	1373203117140	KO	Check 'in' failed, found 404 but expected Range(200, 201, 202, 203, 204, 205, 206, 207, 208, 209, 210)
ACTION	Scenario name	8	request_7	1373203117200	1373203117201	1373203117275	1373203117277	KO	Check 'in' failed, found 404 but expected Range(200, 201, 202, 203, 204, 205, 206, 207, 208, 209, 210)
ACTION	Scenario name	8	request_8	1373203117400	1373203117400	1373203117497	1373203117498	KO	Check 'in' failed, found 404 but expected Range(200, 201, 202, 203, 204, 205, 206, 207, 208, 209, 210)
ACTION	Scenario name	9	request_7	1373203117900	1373203117900	1373203117972	1373203117977	KO	Check 'in' failed, found 404 but expected Range(200, 201, 202, 203, 204, 205, 206, 207, 208, 209, 210)
ACTION	Scenario name	3	request_4	1373203117950	1373203117950	1373203118051	1373203118051	KO	Check 'in' failed, found 404 but expected Range(200, 201, 202, 203, 204, 205, 206, 207, 208, 209, 210)
ACTION	Scenario name	9	request_8	1373203118200	1373203118200	1373203118271	1373203118276	KO	Check 'in' failed, found 404 but expected Range(200, 201, 202, 203, 204, 205, 206, 207, 208, 209, 210)
ACTION	Scenario name	4	request_4	1373203119850	1373203119850	1373203120214	1373203120217	KO	Check 'in' failed, found 404 but expected Range(200, 201, 202, 203, 204, 205, 206, 207, 208, 209, 210)
ACTION	Scenario name	10	request_7	1373203120500	1373203120501	1373203120578	1373203120578	KO	Check 'in' failed, found 404 but expected Range(200, 201, 202, 203, 204, 205, 206, 207, 208, 209, 210)
ACTION	Scenario name	10	request_8	1373203120751	1373203120751	1373203120830	1373203120834	KO	Check 'in' failed, found 404 but expected Range(200, 201, 202, 203, 204, 205, 206, 207, 208, 209, 210)
ACTION	Scenario name	6	request_4	1373203121751	1373203121752	1373203121843	1373203121843	KO	Check 'in' failed, found 404 but expected Range(200, 201, 202, 203, 204, 205, 206, 207, 208, 209, 210)
ACTION	Scenario name	5	request_4	1373203121900	1373203121900	1373203121990	1373203121994	KO	Check 'in' failed, found 404 but expected Range(200, 201, 202, 203, 204, 205, 206, 207, 208, 209, 210)
ACTION	Scenario name	7	request_4	1373203122601	1373203122601	1373203122699	1373203122703	KO	Check 'in' failed, found 404 but expected Range(200, 201, 202, 203, 204, 205, 206, 207, 208, 209, 210)
ACTION	Scenario name	8	request_4	1373203123900	1373203123900	1373203124020	1373203124024	KO	Check 'in' failed, found 404 but expected Range(200, 201, 202, 203, 204, 205, 206, 207, 208, 209, 210)
ACTION	Scenario name	2	request_5	1373203124100	1373203124100	1373203124175	1373203124178	KO	Check 'in' failed, found 404 but expected Range(200, 201, 202, 203, 204, 205, 206, 207, 208, 209, 210)
ACTION	Scenario name	2	request_6	1373203124301	1373203124301	1373203124380	1373203124383	KO	Check 'in' failed, found 404 but expected Range(200, 201, 202, 203, 204, 205, 206, 207, 208, 209, 210)
ACTION	Scenario name	1	request_5	1373203124551	1373203124551	1373203124622	1373203124941	KO	Check 'in' failed, found 404 but expected Range(200, 201, 202, 203, 204, 205, 206, 207, 208, 209, 210)
ACTION	Scenario name	9	request_4	1373203124950	1373203124951	1373203125026	1373203125029	KO	Check 'in' failed, found 404 but expected Range(200, 201, 202, 203, 204, 205, 206, 207, 208, 209, 210)
ACTION	Scenario name	1	request_6	1373203125050	1373203125051	1373203125129	1373203125214	KO	Check 'in' failed, found 404 but expected Range(200, 201, 202, 203, 204, 205, 206, 207, 208, 209, 210)
ACTION	Scenario name	3	request_5	1373203125549	1373203125550	1373203125633	1373203125633	KO	Check 'in' failed, found 404 but expected Range(200, 201, 202, 203, 204, 205, 206, 207, 208, 209, 210)
ACTION	Scenario name	3	request_6	1373203125850	1373203125850	1373203125928	1373203125938	KO	Check 'in' failed, found 404 but expected Range(200, 201, 202, 203, 204, 205, 206, 207, 208, 209, 210)
ACTION	Scenario name	10	request_4	1373203127101	1373203127101	1373203127173	1373203127176	KO	Check 'in' failed, found 404 but expected Range(200, 201, 202, 203, 204, 205, 206, 207, 208, 209, 210)
ACTION	Scenario name	4	request_5	1373203128000	1373203128001	1373203128076	1373203128076	KO	Check 'in' failed, found 404 but expected Range(200, 201, 202, 203, 204, 205, 206, 207, 208, 209, 210)
ACTION	Scenario name	4	request_6	1373203128301	1373203128301	1373203128377	1373203128378	KO	Check 'in' failed, found 404 but expected Range(200, 201, 202, 203, 204, 205, 206, 207, 208, 209, 210)
ACTION	Scenario name	6	request_5	1373203129201	1373203129201	1373203129275	1373203129277	KO	Check 'in' failed, found 404 but expected Range(200, 201, 202, 203, 204, 205, 206, 207, 208, 209, 210)
ACTION	Scenario name	2	request_7	1373203129401	1373203129401	1373203129508	1373203129513	KO	Check 'in' failed, found 404 but expected Range(200, 201, 202, 203, 204, 205, 206, 207, 208, 209, 210)
ACTION	Scenario name	6	request_6	1373203129450	1373203129451	1373203129536	1373203129548	KO	Check 'in' failed, found 404 but expected Range(200, 201, 202, 203, 204, 205, 206, 207, 208, 209, 210)
ACTION	Scenario name	2	request_8	1373203129700	1373203129701	1373203129786	1373203129786	KO	Check 'in' failed, found 404 but expected Range(200, 201, 202, 203, 204, 205, 206, 207, 208, 209, 210)
ACTION	Scenario name	5	request_5	1373203129800	1373203129801	1373203129887	1373203129888	KO	Check 'in' failed, found 404 but expected Range(200, 201, 202, 203, 204, 205, 206, 207, 208, 209, 210)
ACTION	Scenario name	1	request_7	1373203129999	1373203130000	1373203130073	1373203130076	KO	Check 'in' failed, found 404 but expected Range(200, 201, 202, 203, 204, 205, 206, 207, 208, 209, 210)
ACTION	Scenario name	3	request_7	1373203130000	1373203130001	1373203130082	1373203130084	KO	Check 'in' failed, found 404 but expected Range(200, 201, 202, 203, 204, 205, 206, 207, 208, 209, 210)
ACTION	Scenario name	5	request_6	1373203130050	1373203130051	1373203130123	1373203130142	KO	Check 'in' failed, found 404 but expected Range(200, 201, 202, 203, 204, 205, 206, 207, 208, 209, 210)
ACTION	Scenario name	1	request_8	1373203130150	1373203130150	1373203130223	1373203130251	KO	Check 'in' failed, found 404 but expected Range(200, 201, 202, 203, 204, 205, 206, 207, 208, 209, 210)
ACTION	Scenario name	7	request_5	1373203130150	1373203130150	1373203130254	1373203130265	KO	Check 'in' failed, found 404 but expected Range(200, 201, 202, 203, 204, 205, 206, 207, 208, 209, 210)
ACTION	Scenario name	3	request_8	1373203130250	1373203130250	1373203130352	1373203130356	KO	Check 'in' failed, found 404 but expected Range(200, 201, 202, 203, 204, 205, 206, 207, 208, 209, 210)
ACTION	Scenario name	7	request_6	1373203130400	1373203130400	1373203130477	1373203130482	KO	Check 'in' failed, found 404 but expected Range(200, 201, 202, 203, 204, 205, 206, 207, 208, 209, 210)
ACTION	Scenario name	8	request_5	1373203131450	1373203131451	1373203131526	1373203131530	KO	Check 'in' failed, found 404 but expected Range(200, 201, 202, 203, 204, 205, 206, 207, 208, 209, 210)
ACTION	Scenario name	8	request_6	1373203131700	1373203131700	1373203131791	1373203131793	KO	Check 'in' failed, found 404 but expected Range(200, 201, 202, 203, 204, 205, 206, 207, 208, 209, 210)
ACTION	Scenario name	9	request_5	1373203132401	1373203132401	1373203132497	1373203132528	KO	Check 'in' failed, found 404 but expected Range(200, 201, 202, 203, 204, 205, 206, 207, 208, 209, 210)
ACTION	Scenario name	9	request_6	1373203132700	1373203132701	1373203133360	1373203133364	KO	Check 'in' failed, found 404 but expected Range(200, 201, 202, 203, 204, 205, 206, 207, 208, 209, 210)
ACTION	Scenario name	4	request_7	1373203133101	1373203133101	1373203133497	1373203133497	KO	Check 'in' failed, found 404 but expected Range(200, 201, 202, 203, 204, 205, 206, 207, 208, 209, 210)
ACTION	Scenario name	4	request_8	1373203133701	1373203133701	1373203133786	1373203133788	KO	Check 'in' failed, found 404 but expected Range(200, 201, 202, 203, 204, 205, 206, 207, 208, 209, 210)
ACTION	Scenario name	6	request_7	1373203134250	1373203134250	1373203134335	1373203134339	KO	Check 'in' failed, found 404 but expected Range(200, 201, 202, 203, 204, 205, 206, 207, 208, 209, 210)
ACTION	Scenario name	6	request_8	1373203134500	1373203134501	1373203134573	1373203134583	KO	Check 'in' failed, found 404 but expected Range(200, 201, 202, 203, 204, 205, 206, 207, 208, 209, 210)
ACTION	Scenario name	10	request_5	1373203134701	1373203134701	1373203134797	1373203134803	KO	Check 'in' failed, found 404 but expected Range(200, 201, 202, 203, 204, 205, 206, 207, 208, 209, 210)
ACTION	Scenario name	5	request_7	1373203134800	1373203134800	1373203134942	1373203134949	KO	Check 'in' failed, found 404 but expected Range(200, 201, 202, 203, 204, 205, 206, 207, 208, 209, 210)
ACTION	Scenario name	7	request_7	1373203134951	1373203134951	1373203135045	1373203135050	KO	Check 'in' failed, found 404 but expected Range(200, 201, 202, 203, 204, 205, 206, 207, 208, 209, 210)
ACTION	Scenario name	10	request_6	1373203135001	1373203135001	1373203135076	1373203135080	KO	Check 'in' failed, found 404 but expected Range(200, 201, 202, 203, 204, 205, 206, 207, 208, 209, 210)
ACTION	Scenario name	5	request_8	1373203135150	1373203135151	1373203135232	1373203135241	KO	Check 'in' failed, found 404 but expected Range(200, 201, 202, 203, 204, 205, 206, 207, 208, 209, 210)
ACTION	Scenario name	7	request_8	1373203135251	1373203135251	1373203135338	1373203135342	KO	Check 'in' failed, found 404 but expected Range(200, 201, 202, 203, 204, 205, 206, 207, 208, 209, 210)
ACTION	Scenario name	8	request_7	1373203135951	1373203135951	1373203136047	1373203136053	KO	Check 'in' failed, found 404 but expected Range(200, 201, 202, 203, 204, 205, 206, 207, 208, 209, 210)
ACTION	Scenario name	2	request_4	1373203136200	1373203136201	1373203136275	1373203136275	KO	Check 'in' failed, found 404 but expected Range(200, 201, 202, 203, 204, 205, 206, 207, 208, 209, 210)
ACTION	Scenario name	8	request_8	1373203136201	1373203136201	1373203136280	1373203136288	KO	Check 'in' failed, found 404 but expected Range(200, 201, 202, 203, 204, 205, 206, 207, 208, 209, 210)
ACTION	Scenario name	1	request_4	1373203136500	1373203136501	1373203136583	1373203136587	KO	Check 'in' failed, found 404 but expected Range(200, 201, 202, 203, 204, 205, 206, 207, 208, 209, 210)
ACTION	Scenario name	3	request_4	1373203137151	1373203137151	1373203137260	1373203137263	KO	Check 'in' failed, found 404 but expected Range(200, 201, 202, 203, 204, 205, 206, 207, 208, 209, 210)
ACTION	Scenario name	9	request_7	1373203137900	1373203137901	1373203138022	1373203138023	KO	Check 'in' failed, found 404 but expected Range(200, 201, 202, 203, 204, 205, 206, 207, 208, 209, 210)
ACTION	Scenario name	9	request_8	1373203138149	1373203138149	1373203138304	1373203138309	KO	Check 'in' failed, found 404 but expected Range(200, 201, 202, 203, 204, 205, 206, 207, 208, 209, 210)
ACTION	Scenario name	4	request_4	1373203139800	1373203139800	1373203139889	1373203139889	KO	Check 'in' failed, found 404 but expected Range(200, 201, 202, 203, 204, 205, 206, 207, 208, 209, 210)
ACTION	Scenario name	10	request_7	1373203139900	1373203139901	1373203139990	1373203139990	KO	Check 'in' failed, found 404 but expected Range(200, 201, 202, 203, 204, 205, 206, 207, 208, 209, 210)
ACTION	Scenario name	10	request_8	1373203140151	1373203140152	1373203140224	1373203140227	KO	Check 'in' failed, found 404 but expected Range(200, 201, 202, 203, 204, 205, 206, 207, 208, 209, 210)
ACTION	Scenario name	6	request_4	1373203141201	1373203141201	1373203141320	1373203141320	KO	Check 'in' failed, found 404 but expected Range(200, 201, 202, 203, 204, 205, 206, 207, 208, 209, 210)
ACTION	Scenario name	5	request_4	1373203141352	1373203141352	1373203141428	1373203141434	KO	Check 'in' failed, found 404 but expected Range(200, 201, 202, 203, 204, 205, 206, 207, 208, 209, 210)
ACTION	Scenario name	7	request_4	1373203141850	1373203141851	1373203141923	1373203141929	KO	Check 'in' failed, found 404 but expected Range(200, 201, 202, 203, 204, 205, 206, 207, 208, 209, 210)
ACTION	Scenario name	8	request_4	1373203143301	1373203143301	1373203143392	1373203143392	KO	Check 'in' failed, found 404 but expected Range(200, 201, 202, 203, 204, 205, 206, 207, 208, 209, 210)
ACTION	Scenario name	1	request_5	1373203144000	1373203144000	1373203144459	1373203144462	KO	Check 'in' failed, found 404 but expected Range(200, 201, 202, 203, 204, 205, 206, 207, 208, 209, 210)
ACTION	Scenario name	2	request_5	1373203144050	1373203144050	1373203144469	1373203144475	KO	Check 'in' failed, found 404 but expected Range(200, 201, 202, 203, 204, 205, 206, 207, 208, 209, 210)
ACTION	Scenario name	3	request_5	1373203144251	1373203144251	1373203144480	1373203144482	KO	Check 'in' failed, found 404 but expected Range(200, 201, 202, 203, 204, 205, 206, 207, 208, 209, 210)
ACTION	Scenario name	2	request_6	1373203144600	1373203144601	1373203144683	1373203144688	KO	Check 'in' failed, found 404 but expected Range(200, 201, 202, 203, 204, 205, 206, 207, 208, 209, 210)
ACTION	Scenario name	1	request_6	1373203144651	1373203144651	1373203144723	1373203144727	KO	Check 'in' failed, found 404 but expected Range(200, 201, 202, 203, 204, 205, 206, 207, 208, 209, 210)
ACTION	Scenario name	3	request_6	1373203144651	1373203144652	1373203144729	1373203144733	KO	Check 'in' failed, found 404 but expected Range(200, 201, 202, 203, 204, 205, 206, 207, 208, 209, 210)
ACTION	Scenario name	9	request_4	1373203144951	1373203144951	1373203145030	1373203145033	KO	Check 'in' failed, found 404 but expected Range(200, 201, 202, 203, 204, 205, 206, 207, 208, 209, 210)
ACTION	Scenario name	10	request_4	1373203146601	1373203146601	1373203146673	1373203146676	KO	Check 'in' failed, found 404 but expected Range(200, 201, 202, 203, 204, 205, 206, 207, 208, 209, 210)
ACTION	Scenario name	4	request_5	1373203147000	1373203147001	1373203147072	1373203147076	KO	Check 'in' failed, found 404 but expected Range(200, 201, 202, 203, 204, 205, 206, 207, 208, 209, 210)
ACTION	Scenario name	4	request_6	1373203147251	1373203147252	1373203147329	1373203147329	KO	Check 'in' failed, found 404 but expected Range(200, 201, 202, 203, 204, 205, 206, 207, 208, 209, 210)
ACTION	Scenario name	6	request_5	1373203148350	1373203148351	1373203148423	1373203148427	KO	Check 'in' failed, found 404 but expected Range(200, 201, 202, 203, 204, 205, 206, 207, 208, 209, 210)
ACTION	Scenario name	6	request_6	1373203148600	1373203148601	1373203148688	1373203148693	KO	Check 'in' failed, found 404 but expected Range(200, 201, 202, 203, 204, 205, 206, 207, 208, 209, 210)
ACTION	Scenario name	1	request_7	1373203148851	1373203148851	1373203148925	1373203148925	KO	Check 'in' failed, found 404 but expected Range(200, 201, 202, 203, 204, 205, 206, 207, 208, 209, 210)
ACTION	Scenario name	7	request_5	1373203149101	1373203149101	1373203149194	1373203149198	KO	Check 'in' failed, found 404 but expected Range(200, 201, 202, 203, 204, 205, 206, 207, 208, 209, 210)
ACTION	Scenario name	1	request_8	1373203149101	1373203149101	1373203149204	1373203149204	KO	Check 'in' failed, found 404 but expected Range(200, 201, 202, 203, 204, 205, 206, 207, 208, 209, 210)
ACTION	Scenario name	5	request_5	1373203149199	1373203149200	1373203149298	1373203149298	KO	Check 'in' failed, found 404 but expected Range(200, 201, 202, 203, 204, 205, 206, 207, 208, 209, 210)
ACTION	Scenario name	2	request_7	1373203149350	1373203149351	1373203149423	1373203149426	KO	Check 'in' failed, found 404 but expected Range(200, 201, 202, 203, 204, 205, 206, 207, 208, 209, 210)
ACTION	Scenario name	7	request_6	1373203149400	1373203149400	1373203149500	1373203149500	KO	Check 'in' failed, found 404 but expected Range(200, 201, 202, 203, 204, 205, 206, 207, 208, 209, 210)
ACTION	Scenario name	5	request_6	1373203149450	1373203149450	1373203149522	1373203149525	KO	Check 'in' failed, found 404 but expected Range(200, 201, 202, 203, 204, 205, 206, 207, 208, 209, 210)
ACTION	Scenario name	3	request_7	1373203149599	1373203149600	1373203149697	1373203149702	KO	Check 'in' failed, found 404 but expected Range(200, 201, 202, 203, 204, 205, 206, 207, 208, 209, 210)
ACTION	Scenario name	2	request_8	1373203149599	1373203149600	1373203149705	1373203149708	KO	Check 'in' failed, found 404 but expected Range(200, 201, 202, 203, 204, 205, 206, 207, 208, 209, 210)
ACTION	Scenario name	3	request_8	1373203149851	1373203149851	1373203149925	1373203149931	KO	Check 'in' failed, found 404 but expected Range(200, 201, 202, 203, 204, 205, 206, 207, 208, 209, 210)
ACTION	Scenario name	8	request_5	1373203150400	1373203150400	1373203150509	1373203150515	KO	Check 'in' failed, found 404 but expected Range(200, 201, 202, 203, 204, 205, 206, 207, 208, 209, 210)
ACTION	Scenario name	8	request_6	1373203150650	1373203150651	1373203150723	1373203150729	KO	Check 'in' failed, found 404 but expected Range(200, 201, 202, 203, 204, 205, 206, 207, 208, 209, 210)
ACTION	Scenario name	4	request_7	1373203152000	1373203152001	1373203152079	1373203152080	KO	Check 'in' failed, found 404 but expected Range(200, 201, 202, 203, 204, 205, 206, 207, 208, 209, 210)
ACTION	Scenario name	4	request_8	1373203152301	1373203152301	1373203152376	1373203152376	KO	Check 'in' failed, found 404 but expected Range(200, 201, 202, 203, 204, 205, 206, 207, 208, 209, 210)
ACTION	Scenario name	9	request_5	1373203152801	1373203152801	1373203152875	1373203152881	KO	Check 'in' failed, found 404 but expected Range(200, 201, 202, 203, 204, 205, 206, 207, 208, 209, 210)
ACTION	Scenario name	9	request_6	1373203153000	1373203153001	1373203153073	1373203153105	KO	Check 'in' failed, found 404 but expected Range(200, 201, 202, 203, 204, 205, 206, 207, 208, 209, 210)
ACTION	Scenario name	6	request_7	1373203153350	1373203153350	1373203153439	1373203153440	KO	Check 'in' failed, found 404 but expected Range(200, 201, 202, 203, 204, 205, 206, 207, 208, 209, 210)
ACTION	Scenario name	6	request_8	1373203153600	1373203153601	1373203153678	1373203153678	KO	Check 'in' failed, found 404 but expected Range(200, 201, 202, 203, 204, 205, 206, 207, 208, 209, 210)
ACTION	Scenario name	5	request_7	1373203153600	1373203153601	1373203153686	1373203153687	KO	Check 'in' failed, found 404 but expected Range(200, 201, 202, 203, 204, 205, 206, 207, 208, 209, 210)
ACTION	Scenario name	5	request_8	1373203153801	1373203153801	1373203153883	1373203153901	KO	Check 'in' failed, found 404 but expected Range(200, 201, 202, 203, 204, 205, 206, 207, 208, 209, 210)
ACTION	Scenario name	10	request_5	1373203154251	1373203154252	1373203154373	1373203154373	KO	Check 'in' failed, found 404 but expected Range(200, 201, 202, 203, 204, 205, 206, 207, 208, 209, 210)
ACTION	Scenario name	7	request_7	1373203154251	1373203154252	1373203154377	1373203154378	KO	Check 'in' failed, found 404 but expected Range(200, 201, 202, 203, 204, 205, 206, 207, 208, 209, 210)
ACTION	Scenario name	10	request_6	1373203154550	1373203154550	1373203154654	1373203154654	KO	Check 'in' failed, found 404 but expected Range(200, 201, 202, 203, 204, 205, 206, 207, 208, 209, 210)
ACTION	Scenario name	7	request_8	1373203154550	1373203154550	1373203154654	1373203154655	KO	Check 'in' failed, found 404 but expected Range(200, 201, 202, 203, 204, 205, 206, 207, 208, 209, 210)
ACTION	Scenario name	8	request_7	1373203154900	1373203154901	1373203154974	1373203154974	KO	Check 'in' failed, found 404 but expected Range(200, 201, 202, 203, 204, 205, 206, 207, 208, 209, 210)
ACTION	Scenario name	8	request_8	1373203155100	1373203155100	1373203155202	1373203155214	KO	Check 'in' failed, found 404 but expected Range(200, 201, 202, 203, 204, 205, 206, 207, 208, 209, 210)
ACTION	Scenario name	1	request_4	1373203155400	1373203155400	1373203155495	1373203155504	KO	Check 'in' failed, found 404 but expected Range(200, 201, 202, 203, 204, 205, 206, 207, 208, 209, 210)
ACTION	Scenario name	2	request_4	1373203155800	1373203155800	1373203155880	1373203155880	KO	Check 'in' failed, found 404 but expected Range(200, 201, 202, 203, 204, 205, 206, 207, 208, 209, 210)
ACTION	Scenario name	3	request_4	1373203156751	1373203156751	1373203156842	1373203156843	KO	Check 'in' failed, found 404 but expected Range(200, 201, 202, 203, 204, 205, 206, 207, 208, 209, 210)
ACTION	Scenario name	4	request_4	1373203159101	1373203159102	1373203159286	1373203159293	KO	Check 'in' failed, found 404 but expected Range(200, 201, 202, 203, 204, 205, 206, 207, 208, 209, 210)
ACTION	Scenario name	10	request_7	1373203159201	1373203159201	1373203159347	1373203159350	KO	Check 'in' failed, found 404 but expected Range(200, 201, 202, 203, 204, 205, 206, 207, 208, 209, 210)
ACTION	Scenario name	10	request_8	1373203159451	1373203159451	1373203159527	1373203159532	KO	Check 'in' failed, found 404 but expected Range(200, 201, 202, 203, 204, 205, 206, 207, 208, 209, 210)
ACTION	Scenario name	9	request_7	1373203157801	1373203157802	1373203159812	1373203159815	KO	Check 'in' failed, found 404 but expected Range(200, 201, 202, 203, 204, 205, 206, 207, 208, 209, 210)
ACTION	Scenario name	9	request_8	1373203159900	1373203159900	1373203159985	1373203159988	KO	Check 'in' failed, found 404 but expected Range(200, 201, 202, 203, 204, 205, 206, 207, 208, 209, 210)
ACTION	Scenario name	6	request_4	1373203159950	1373203159951	1373203160036	1373203160040	KO	Check 'in' failed, found 404 but expected Range(200, 201, 202, 203, 204, 205, 206, 207, 208, 209, 210)
ACTION	Scenario name	5	request_4	1373203160100	1373203160101	1373203160213	1373203160216	KO	Check 'in' failed, found 404 but expected Range(200, 201, 202, 203, 204, 205, 206, 207, 208, 209, 210)
ACTION	Scenario name	7	request_4	1373203160751	1373203160751	1373203160859	1373203160865	KO	Check 'in' failed, found 404 but expected Range(200, 201, 202, 203, 204, 205, 206, 207, 208, 209, 210)
ACTION	Scenario name	8	request_4	1373203161250	1373203161251	1373203161335	1373203161339	KO	Check 'in' failed, found 404 but expected Range(200, 201, 202, 203, 204, 205, 206, 207, 208, 209, 210)
ACTION	Scenario name	1	request_5	1373203162751	1373203162752	1373203162986	1373203162992	KO	Check 'in' failed, found 404 but expected Range(200, 201, 202, 203, 204, 205, 206, 207, 208, 209, 210)
ACTION	Scenario name	2	request_5	1373203163151	1373203163152	1373203163417	1373203163417	KO	Check 'in' failed, found 404 but expected Range(200, 201, 202, 203, 204, 205, 206, 207, 208, 209, 210)
ACTION	Scenario name	1	request_6	1373203163151	1373203163152	1373203163420	1373203163425	KO	Check 'in' failed, found 404 but expected Range(200, 201, 202, 203, 204, 205, 206, 207, 208, 209, 210)
ACTION	Scenario name	2	request_6	1373203163550	1373203163551	1373203163847	1373203164141	KO	Check 'in' failed, found 404 but expected Range(200, 201, 202, 203, 204, 205, 206, 207, 208, 209, 210)
ACTION	Scenario name	3	request_5	1373203164350	1373203164350	1373203164677	1373203164682	KO	Check 'in' failed, found 404 but expected Range(200, 201, 202, 203, 204, 205, 206, 207, 208, 209, 210)
ACTION	Scenario name	3	request_6	1373203164850	1373203164851	1373203165174	1373203165178	KO	Check 'in' failed, found 404 but expected Range(200, 201, 202, 203, 204, 205, 206, 207, 208, 209, 210)
ACTION	Scenario name	10	request_4	1373203166051	1373203166052	1373203166431	1373203166431	KO	Check 'in' failed, found 404 but expected Range(200, 201, 202, 203, 204, 205, 206, 207, 208, 209, 210)
ACTION	Scenario name	9	request_4	1373203166851	1373203166852	1373203167260	1373203167261	KO	Check 'in' failed, found 404 but expected Range(200, 201, 202, 203, 204, 205, 206, 207, 208, 209, 210)
ACTION	Scenario name	4	request_5	1373203167050	1373203167050	1373203167460	1373203167463	KO	Check 'in' failed, found 404 but expected Range(200, 201, 202, 203, 204, 205, 206, 207, 208, 209, 210)
ACTION	Scenario name	4	request_6	1373203167601	1373203167601	1373203168005	1373203168008	KO	Check 'in' failed, found 404 but expected Range(200, 201, 202, 203, 204, 205, 206, 207, 208, 209, 210)
ACTION	Scenario name	5	request_5	1373203167851	1373203167851	1373203168280	1373203168284	KO	Check 'in' failed, found 404 but expected Range(200, 201, 202, 203, 204, 205, 206, 207, 208, 209, 210)
ACTION	Scenario name	1	request_7	1373203168000	1373203168000	1373203168426	1373203168429	KO	Check 'in' failed, found 404 but expected Range(200, 201, 202, 203, 204, 205, 206, 207, 208, 209, 210)
ACTION	Scenario name	6	request_5	1373203168050	1373203168051	1373203168480	1373203168483	KO	Check 'in' failed, found 404 but expected Range(200, 201, 202, 203, 204, 205, 206, 207, 208, 209, 210)
ACTION	Scenario name	6	request_6	1373203168650	1373203168651	1373203170746	1373203170749	KO	Check 'in' failed, found 404 but expected Range(200, 201, 202, 203, 204, 205, 206, 207, 208, 209, 210)
ACTION	Scenario name	7	request_5	1373203168800	1373203168801	1373203170914	1373203170917	KO	Check 'in' failed, found 404 but expected Range(200, 201, 202, 203, 204, 205, 206, 207, 208, 209, 210)
ACTION	Scenario name	5	request_6	1373203168450	1373203168450	1373203168887	1373203171415	KO	Check 'in' failed, found 404 but expected Range(200, 201, 202, 203, 204, 205, 206, 207, 208, 209, 210)
ACTION	Scenario name	8	request_5	1373203168901	1373203168901	1373203171417	1373203171424	KO	Check 'in' failed, found 404 but expected Range(200, 201, 202, 203, 204, 205, 206, 207, 208, 209, 210)
ACTION	Scenario name	2	request_7	1373203169100	1373203169101	1373203171428	1373203171433	KO	Check 'in' failed, found 404 but expected Range(200, 201, 202, 203, 204, 205, 206, 207, 208, 209, 210)
ACTION	Scenario name	3	request_7	1373203169200	1373203169201	1373203171437	1373203171445	KO	Check 'in' failed, found 404 but expected Range(200, 201, 202, 203, 204, 205, 206, 207, 208, 209, 210)
ACTION	Scenario name	1	request_8	1373203168600	1373203168600	1373203171577	1373203171581	KO	Check 'in' failed, found 404 but expected Range(200, 201, 202, 203, 204, 205, 206, 207, 208, 209, 210)
ACTION	Scenario name	2	request_8	1373203171551	1373203171551	1373203171764	1373203171771	KO	Check 'in' failed, found 404 but expected Range(200, 201, 202, 203, 204, 205, 206, 207, 208, 209, 210)
ACTION	Scenario name	7	request_6	1373203171100	1373203171101	1373203171743	1373203171910	KO	Check 'in' failed, found 404 but expected Range(200, 201, 202, 203, 204, 205, 206, 207, 208, 209, 210)
ACTION	Scenario name	8	request_6	1373203171501	1373203171502	1373203171752	1373203171917	KO	Check 'in' failed, found 404 but expected Range(200, 201, 202, 203, 204, 205, 206, 207, 208, 209, 210)
ACTION	Scenario name	3	request_8	1373203171651	1373203171651	1373203171912	1373203171921	KO	Check 'in' failed, found 404 but expected Range(200, 201, 202, 203, 204, 205, 206, 207, 208, 209, 210)
ACTION	Scenario name	4	request_7	1373203172400	1373203172401	1373203172477	1373203172477	KO	Check 'in' failed, found 404 but expected Range(200, 201, 202, 203, 204, 205, 206, 207, 208, 209, 210)
ACTION	Scenario name	4	request_8	1373203172651	1373203172651	1373203172723	1373203172732	KO	Check 'in' failed, found 404 but expected Range(200, 201, 202, 203, 204, 205, 206, 207, 208, 209, 210)
ACTION	Scenario name	10	request_5	1373203174100	1373203174100	1373203174177	1373203174177	KO	Check 'in' failed, found 404 but expected Range(200, 201, 202, 203, 204, 205, 206, 207, 208, 209, 210)
ACTION	Scenario name	10	request_6	1373203174350	1373203174350	1373203174456	1373203174457	KO	Check 'in' failed, found 404 but expected Range(200, 201, 202, 203, 204, 205, 206, 207, 208, 209, 210)
ACTION	Scenario name	9	request_5	1373203174350	1373203174350	1373203174461	1373203174571	KO	Check 'in' failed, found 404 but expected Range(200, 201, 202, 203, 204, 205, 206, 207, 208, 209, 210)
ACTION	Scenario name	9	request_6	1373203174651	1373203174651	1373203174763	1373203174766	KO	Check 'in' failed, found 404 but expected Range(200, 201, 202, 203, 204, 205, 206, 207, 208, 209, 210)
ACTION	Scenario name	6	request_7	1373203175701	1373203175702	1373203175776	1373203175776	KO	Check 'in' failed, found 404 but expected Range(200, 201, 202, 203, 204, 205, 206, 207, 208, 209, 210)
ACTION	Scenario name	5	request_7	1373203175850	1373203175851	1373203175977	1373203175981	KO	Check 'in' failed, found 404 but expected Range(200, 201, 202, 203, 204, 205, 206, 207, 208, 209, 210)
ACTION	Scenario name	6	request_8	1373203175900	1373203175900	1373203175984	1373203175989	KO	Check 'in' failed, found 404 but expected Range(200, 201, 202, 203, 204, 205, 206, 207, 208, 209, 210)
ACTION	Scenario name	5	request_8	1373203176100	1373203176100	1373203176190	1373203176196	KO	Check 'in' failed, found 404 but expected Range(200, 201, 202, 203, 204, 205, 206, 207, 208, 209, 210)
ACTION	Scenario name	8	request_7	1373203176200	1373203176200	1373203176285	1373203176285	KO	Check 'in' failed, found 404 but expected Range(200, 201, 202, 203, 204, 205, 206, 207, 208, 209, 210)
ACTION	Scenario name	7	request_7	1373203176250	1373203176250	1373203176380	1373203176385	KO	Check 'in' failed, found 404 but expected Range(200, 201, 202, 203, 204, 205, 206, 207, 208, 209, 210)
ACTION	Scenario name	8	request_8	1373203176450	1373203176451	1373203176584	1373203176616	KO	Check 'in' failed, found 404 but expected Range(200, 201, 202, 203, 204, 205, 206, 207, 208, 209, 210)
ACTION	Scenario name	7	request_8	1373203176600	1373203176601	1373203176685	1373203176687	KO	Check 'in' failed, found 404 but expected Range(200, 201, 202, 203, 204, 205, 206, 207, 208, 209, 210)
ACTION	Scenario name	1	request_9	1373203178100	1373203178101	1373203178201	1373203178205	KO	Check 'is' failed, found 404 but expected 302
ACTION	Scenario name	1	request_10	1373203178206	1373203178206	1373203178322	1373203178325	KO	Check 'in' failed, found 404 but expected Range(200, 201, 202, 203, 204, 205, 206, 207, 208, 209, 210)
SCENARIO	Scenario name	1	END	1373203178326
ACTION	Scenario name	2	request_9	1373203178301	1373203178301	1373203178407	1373203178410	KO	Check 'is' failed, found 404 but expected 302
ACTION	Scenario name	2	request_10	1373203178450	1373203178451	1373203178524	1373203178528	KO	Check 'in' failed, found 404 but expected Range(200, 201, 202, 203, 204, 205, 206, 207, 208, 209, 210)
SCENARIO	Scenario name	2	END	1373203178528
ACTION	Scenario name	3	request_9	1373203178500	1373203178500	1373203178629	1373203178635	KO	Check 'is' failed, found 404 but expected 302
ACTION	Scenario name	3	request_10	1373203178699	1373203178700	1373203178817	1373203178822	KO	Check 'in' failed, found 404 but expected Range(200, 201, 202, 203, 204, 205, 206, 207, 208, 209, 210)
SCENARIO	Scenario name	3	END	1373203178823
ACTION	Scenario name	10	request_7	1373203178699	1373203178700	1373203178829	1373203178838	KO	Check 'in' failed, found 404 but expected Range(200, 201, 202, 203, 204, 205, 206, 207, 208, 209, 210)
ACTION	Scenario name	4	request_9	1373203178750	1373203178750	1373203178843	1373203178846	KO	Check 'is' failed, found 404 but expected 302
ACTION	Scenario name	4	request_10	1373203178901	1373203178901	1373203179015	1373203179019	KO	Check 'in' failed, found 404 but expected Range(200, 201, 202, 203, 204, 205, 206, 207, 208, 209, 210)
SCENARIO	Scenario name	4	END	1373203179019
ACTION	Scenario name	10	request_8	1373203178950	1373203178950	1373203179022	1373203179025	KO	Check 'in' failed, found 404 but expected Range(200, 201, 202, 203, 204, 205, 206, 207, 208, 209, 210)
ACTION	Scenario name	9	request_7	1373203179751	1373203179752	1373203180593	1373203180597	KO	Check 'in' failed, found 404 but expected Range(200, 201, 202, 203, 204, 205, 206, 207, 208, 209, 210)
ACTION	Scenario name	9	request_8	1373203180750	1373203180751	1373203180824	1373203180830	KO	Check 'in' failed, found 404 but expected Range(200, 201, 202, 203, 204, 205, 206, 207, 208, 209, 210)
ACTION	Scenario name	5	request_9	1373203182450	1373203182450	1373203182623	1373203182626	KO	Check 'is' failed, found 404 but expected 302
ACTION	Scenario name	5	request_10	1373203182750	1373203182750	1373203182952	1373203182957	KO	Check 'in' failed, found 404 but expected Range(200, 201, 202, 203, 204, 205, 206, 207, 208, 209, 210)
SCENARIO	Scenario name	5	END	1373203182957
ACTION	Scenario name	6	request_9	1373203182950	1373203182951	1373203183165	1373203183165	KO	Check 'is' failed, found 404 but expected 302
ACTION	Scenario name	8	request_9	1373203183151	1373203183151	1373203183389	1373203183394	KO	Check 'is' failed, found 404 but expected 302
ACTION	Scenario name	6	request_10	1373203183199	1373203183200	1373203183421	1373203183421	KO	Check 'in' failed, found 404 but expected Range(200, 201, 202, 203, 204, 205, 206, 207, 208, 209, 210)
SCENARIO	Scenario name	6	END	1373203183421
ACTION	Scenario name	7	request_9	1373203183350	1373203183350	1373203183575	1373203183579	KO	Check 'is' failed, found 404 but expected 302
ACTION	Scenario name	8	request_10	1373203183500	1373203183501	1373203183735	1373203183738	KO	Check 'in' failed, found 404 but expected Range(200, 201, 202, 203, 204, 205, 206, 207, 208, 209, 210)
SCENARIO	Scenario name	8	END	1373203183739
ACTION	Scenario name	7	request_10	1373203183650	1373203183651	1373203183882	1373203183890	KO	Check 'in' failed, found 404 but expected Range(200, 201, 202, 203, 204, 205, 206, 207, 208, 209, 210)
SCENARIO	Scenario name	7	END	1373203183890
ACTION	Scenario name	10	request_9	1373203185700	1373203185700	1373203185878	1373203185878	KO	Check 'is' failed, found 404 but expected 302
ACTION	Scenario name	10	request_10	1373203186000	1373203186000	1373203186152	1373203186209	KO	Check 'in' failed, found 404 but expected Range(200, 201, 202, 203, 204, 205, 206, 207, 208, 209, 210)
SCENARIO	Scenario name	10	END	1373203186210
ACTION	Scenario name	9	request_9	1373203187351	1373203187351	1373203187422	1373203187424	KO	Check 'is' failed, found 404 but expected 302
ACTION	Scenario name	9	request_10	1373203187450	1373203187451	1373203187521	1373203187525	KO	Check 'in' failed, found 404 but expected Range(200, 201, 202, 203, 204, 205, 206, 207, 208, 209, 210)
SCENARIO	Scenario name	9	END	1373203187526
